2020-05-08 20:49:29.5021||DEBUG|ItemsService.Program|init main function |url: |action: 
2020-05-08 20:49:58.7249|3|WARN|Microsoft.AspNetCore.HttpsPolicy.HttpsRedirectionMiddleware|Failed to determine the https port for redirect. |url: http://localhost/weatherforecast|action: 
2020-05-08 20:56:04.9673||DEBUG|ItemsService.Program|init main function |url: |action: 
2020-05-08 20:56:09.7127|3|WARN|Microsoft.AspNetCore.HttpsPolicy.HttpsRedirectionMiddleware|Failed to determine the https port for redirect. |url: http://localhost/weatherforecast|action: 
2020-05-08 20:56:23.5386|1|ERROR|Microsoft.AspNetCore.Diagnostics.DeveloperExceptionPageMiddleware|An unhandled exception has occurred while executing the request. System.InvalidOperationException: Sequence contains more than one element
   at System.Linq.ThrowHelper.ThrowMoreThanOneElementException()
   at System.Linq.Enumerable.SingleOrDefault[TSource](IEnumerable`1 source)
   at Microsoft.EntityFrameworkCore.Query.Internal.QueryCompiler.Execute[TResult](Expression query)
   at Microsoft.EntityFrameworkCore.Query.Internal.EntityQueryProvider.Execute[TResult](Expression expression)
   at System.Linq.Queryable.SingleOrDefault[TSource](IQueryable`1 source, Expression`1 predicate)
   at BUYERDBENTITY.Repositories.ItemRepository.GetSubCategories(ProductCategory productCategory) in C:\BUYERPROJECT\BUYERDBENTITY\Repositories\ItemRepository.cs:line 146
   at ItemsService.Manager.ItemManager.GetSubCategories(ProductCategory productCategory) in C:\BUYERPROJECT\ItemsService\ItemsService\Manager\ItemManager.cs:line 134
   at ItemsService.Controllers.ItemsController.SubCategory(ProductCategory productCategory) in C:\BUYERPROJECT\ItemsService\ItemsService\Controllers\ItemsController.cs:line 102
   at Microsoft.AspNetCore.Mvc.Infrastructure.ActionMethodExecutor.TaskOfIActionResultExecutor.Execute(IActionResultTypeMapper mapper, ObjectMethodExecutor executor, Object controller, Object[] arguments)
   at Microsoft.AspNetCore.Mvc.Infrastructure.ControllerActionInvoker.<InvokeActionMethodAsync>g__Awaited|12_0(ControllerActionInvoker invoker, ValueTask`1 actionResultValueTask)
   at Microsoft.AspNetCore.Mvc.Infrastructure.ControllerActionInvoker.<InvokeNextActionFilterAsync>g__Awaited|10_0(ControllerActionInvoker invoker, Task lastTask, State next, Scope scope, Object state, Boolean isCompleted)
   at Microsoft.AspNetCore.Mvc.Infrastructure.ControllerActionInvoker.Rethrow(ActionExecutedContextSealed context)
   at Microsoft.AspNetCore.Mvc.Infrastructure.ControllerActionInvoker.Next(State& next, Scope& scope, Object& state, Boolean& isCompleted)
   at Microsoft.AspNetCore.Mvc.Infrastructure.ControllerActionInvoker.InvokeInnerFilterAsync()
--- End of stack trace from previous location where exception was thrown ---
   at Microsoft.AspNetCore.Mvc.Infrastructure.ResourceInvoker.<InvokeNextResourceFilter>g__Awaited|24_0(ResourceInvoker invoker, Task lastTask, State next, Scope scope, Object state, Boolean isCompleted)
   at Microsoft.AspNetCore.Mvc.Infrastructure.ResourceInvoker.Rethrow(ResourceExecutedContextSealed context)
   at Microsoft.AspNetCore.Mvc.Infrastructure.ResourceInvoker.Next(State& next, Scope& scope, Object& state, Boolean& isCompleted)
   at Microsoft.AspNetCore.Mvc.Infrastructure.ResourceInvoker.InvokeFilterPipelineAsync()
--- End of stack trace from previous location where exception was thrown ---
   at Microsoft.AspNetCore.Mvc.Infrastructure.ResourceInvoker.<InvokeAsync>g__Awaited|17_0(ResourceInvoker invoker, Task task, IDisposable scope)
   at Microsoft.AspNetCore.Routing.EndpointMiddleware.<Invoke>g__AwaitRequestTask|6_0(Endpoint endpoint, Task requestTask, ILogger logger)
   at Microsoft.AspNetCore.Authorization.AuthorizationMiddleware.Invoke(HttpContext context)
   at Microsoft.AspNetCore.Diagnostics.DeveloperExceptionPageMiddleware.Invoke(HttpContext context)|url: http://localhost/api/Items/GetSubCategory|action: SubCategory
2020-05-08 21:01:26.7062||DEBUG|ItemsService.Program|init main function |url: |action: 
2020-05-08 21:01:30.9020|3|WARN|Microsoft.AspNetCore.HttpsPolicy.HttpsRedirectionMiddleware|Failed to determine the https port for redirect. |url: http://localhost/weatherforecast|action: 
